d:\c++ projects\practice\qtwidgetsapplication\x64\debug\moc_mainwindow.obj
d:\c++ projects\practice\qtwidgetsapplication\x64\debug\qrc_mainwindow.obj
d:\c++ projects\practice\qtwidgetsapplication\x64\debug\vc143.pdb
d:\c++ projects\practice\qtwidgetsapplication\x64\debug\mainwindow.obj
d:\c++ projects\practice\qtwidgetsapplication\x64\debug\wififrame.obj
d:\c++ projects\practice\qtwidgetsapplication\x64\debug\main.obj
d:\c++ projects\practice\frameprocessing\x64\debug\qtwidgetsapplication.exe
d:\c++ projects\practice\frameprocessing\x64\debug\qtwidgetsapplication.ilk
d:\c++ projects\practice\frameprocessing\x64\debug\qtwidgetsapplication.pdb
d:\c++ projects\practice\qtwidgetsapplication\x64\debug\moc\moc_mainwindow.cpp
d:\c++ projects\practice\qtwidgetsapplication\x64\debug\uic\ui_mainwindow.h
d:\c++ projects\practice\qtwidgetsapplication\x64\debug\rcc\qrc_mainwindow.cpp
d:\c++ projects\practice\qtwidgetsapplication\x64\debug\qtwidget.70573dea.tlog\cl.command.1.tlog
d:\c++ projects\practice\qtwidgetsapplication\x64\debug\qtwidget.70573dea.tlog\cl.read.1.tlog
d:\c++ projects\practice\qtwidgetsapplication\x64\debug\qtwidget.70573dea.tlog\cl.write.1.tlog
d:\c++ projects\practice\qtwidgetsapplication\x64\debug\qtwidget.70573dea.tlog\link.command.1.tlog
d:\c++ projects\practice\qtwidgetsapplication\x64\debug\qtwidget.70573dea.tlog\link.read.1.tlog
d:\c++ projects\practice\qtwidgetsapplication\x64\debug\qtwidget.70573dea.tlog\link.write.1.tlog
d:\c++ projects\practice\qtwidgetsapplication\x64\debug\qtwidget.70573dea.tlog\moc.read.1u.tlog
d:\c++ projects\practice\qtwidgetsapplication\x64\debug\qtwidget.70573dea.tlog\moc.write.1u.tlog
d:\c++ projects\practice\qtwidgetsapplication\x64\debug\qtwidget.70573dea.tlog\qtwidgetsapplication.write.1u.tlog
d:\c++ projects\practice\qtwidgetsapplication\x64\debug\qtwidget.70573dea.tlog\rcc.read.1u.tlog
d:\c++ projects\practice\qtwidgetsapplication\x64\debug\qtwidget.70573dea.tlog\rcc.write.1u.tlog
d:\c++ projects\practice\qtwidgetsapplication\x64\debug\qtwidget.70573dea.tlog\uic.read.1u.tlog
d:\c++ projects\practice\qtwidgetsapplication\x64\debug\qtwidget.70573dea.tlog\uic.write.1u.tlog
